Library/Bee/Android/Prj/IL2CPP/Gradle/launcher/build/intermediates/manifest_merge_blame_file/release/manifest-merger-blame-release-report.txt
1<?xml version="1.0" encoding="utf-8"?>
2<manifest xmlns:android="http://schemas.android.com/apk/res/android"
3    package="com.abc.acb"
4    android:installLocation="preferExternal"
5    android:versionCode="1"
6    android:versionName="0.1" >
7
8    <uses-sdk
9        android:minSdkVersion="26"
9-->src\main\AndroidManifest.xml
10        android:targetSdkVersion="31" />
10-->src\main\AndroidManifest.xml
11
12    <supports-screens
12-->src\main\AndroidManifest.xml:3:3-163
13        android:anyDensity="true"
13-->src\main\AndroidManifest.xml:3:135-160
14        android:largeScreens="true"
14-->src\main\AndroidManifest.xml:3:78-105
15        android:normalScreens="true"
15-->src\main\AndroidManifest.xml:3:49-77
16        android:smallScreens="true"
16-->src\main\AndroidManifest.xml:3:21-48
17        android:xlargeScreens="true" />
17-->src\main\AndroidManifest.xml:3:106-134
18
19    <uses-feature android:glEsVersion="0x00030000" />
19-->[:unityLibrary] AndroidManifest.xml:12:5-54
19-->[:unityLibrary] AndroidManifest.xml:12:19-51
20
21    <uses-permission android:name="android.permission.INTERNET" />
21-->[:unityLibrary] AndroidManifest.xml:14:5-67
21-->[:unityLibrary] AndroidManifest.xml:14:22-64
22
23    <uses-feature
23-->[:unityLibrary] AndroidManifest.xml:16:5-18:36
24        android:name="android.hardware.touchscreen"
24-->[:unityLibrary] AndroidManifest.xml:17:9-52
25        android:required="false" />
25-->[:unityLibrary] AndroidManifest.xml:18:9-33
26
27    <uses-permission android:name="android.permission.CAMERA" />
27-->[:unityLibrary] AndroidManifest.xml:20:5-65
27-->[:unityLibrary] AndroidManifest.xml:20:22-62
28
29    <uses-feature
29-->[:unityLibrary] AndroidManifest.xml:22:5-24:35
30        android:name="android.hardware.camera.ar"
30-->[:unityLibrary] AndroidManifest.xml:23:9-50
31        android:required="true" />
31-->[:unityLibrary] AndroidManifest.xml:24:9-32
32    <uses-feature
32-->[:unityLibrary] AndroidManifest.xml:25:5-27:35
33        android:name="com.google.ar.core.depth"
33-->[:unityLibrary] AndroidManifest.xml:26:9-48
34        android:required="true" />
34-->[:unityLibrary] AndroidManifest.xml:27:9-32
35
36    <queries>
36-->[:arcore_client:] AndroidManifest.xml:29:5-31:15
37        <package android:name="com.google.ar.core" />
37-->[:arcore_client:] AndroidManifest.xml:30:9-54
37-->[:arcore_client:] AndroidManifest.xml:30:18-51
38    </queries>
39
40    <application
40-->src\main\AndroidManifest.xml:4:3-83
41        android:extractNativeLibs="true"
41-->[:unityLibrary] AndroidManifest.xml:29:18-50
42        android:icon="@mipmap/app_icon"
42-->src\main\AndroidManifest.xml:4:49-80
43        android:label="@string/app_name" >
43-->src\main\AndroidManifest.xml:4:16-48
44        <activity
44-->[:unityLibrary] AndroidManifest.xml:30:9-51:20
45            android:name="com.unity3d.player.UnityPlayerActivity"
45-->[:unityLibrary] AndroidManifest.xml:31:13-66
46            android:configChanges="mcc|mnc|locale|touchscreen|keyboard|keyboardHidden|navigation|orientation|screenLayout|uiMode|screenSize|smallestScreenSize|fontScale|layoutDirection|density"
46-->[:unityLibrary] AndroidManifest.xml:32:13-194
47            android:exported="true"
47-->[:unityLibrary] AndroidManifest.xml:33:13-36
48            android:hardwareAccelerated="false"
48-->[:unityLibrary] AndroidManifest.xml:34:13-48
49            android:launchMode="singleTask"
49-->[:unityLibrary] AndroidManifest.xml:35:13-44
50            android:resizeableActivity="false"
50-->[:unityLibrary] AndroidManifest.xml:36:13-47
51            android:screenOrientation="fullSensor"
51-->[:unityLibrary] AndroidManifest.xml:37:13-51
52            android:theme="@style/UnityThemeSelector" >
52-->[:unityLibrary] AndroidManifest.xml:38:13-54
53            <intent-filter>
53-->[:unityLibrary] AndroidManifest.xml:39:13-43:29
54                <action android:name="android.intent.action.MAIN" />
54-->[:unityLibrary] AndroidManifest.xml:40:17-69
54-->[:unityLibrary] AndroidManifest.xml:40:25-66
55
56                <category android:name="android.intent.category.LAUNCHER" />
56-->[:unityLibrary] AndroidManifest.xml:42:17-77
56-->[:unityLibrary] AndroidManifest.xml:42:27-74
57            </intent-filter>
58
59            <meta-data
59-->[:unityLibrary] AndroidManifest.xml:45:13-47:40
60                android:name="unityplayer.UnityActivity"
60-->[:unityLibrary] AndroidManifest.xml:46:17-57
61                android:value="true" />
61-->[:unityLibrary] AndroidManifest.xml:47:17-37
62            <meta-data
62-->[:unityLibrary] AndroidManifest.xml:48:13-50:40
63                android:name="android.notch_support"
63-->[:unityLibrary] AndroidManifest.xml:49:17-53
64                android:value="true" />
64-->[:unityLibrary] AndroidManifest.xml:50:17-37
65        </activity>
66
67        <meta-data
67-->[:unityLibrary] AndroidManifest.xml:53:9-55:33
68            android:name="unity.splash-mode"
68-->[:unityLibrary] AndroidManifest.xml:54:13-45
69            android:value="0" />
69-->[:unityLibrary] AndroidManifest.xml:55:13-30
70        <meta-data
70-->[:unityLibrary] AndroidManifest.xml:56:9-58:36
71            android:name="unity.splash-enable"
71-->[:unityLibrary] AndroidManifest.xml:57:13-47
72            android:value="True" />
72-->[:unityLibrary] AndroidManifest.xml:58:13-33
73        <meta-data
73-->[:unityLibrary] AndroidManifest.xml:59:9-61:36
74            android:name="unity.launch-fullscreen"
74-->[:unityLibrary] AndroidManifest.xml:60:13-51
75            android:value="True" />
75-->[:unityLibrary] AndroidManifest.xml:61:13-33
76        <meta-data
76-->[:unityLibrary] AndroidManifest.xml:62:9-64:37
77            android:name="unity.allow-resizable-window"
77-->[:unityLibrary] AndroidManifest.xml:63:13-56
78            android:value="False" />
78-->[:unityLibrary] AndroidManifest.xml:64:13-34
79        <meta-data
79-->[:unityLibrary] AndroidManifest.xml:65:9-67:50
80            android:name="notch.config"
80-->[:unityLibrary] AndroidManifest.xml:66:13-40
81            android:value="portrait|landscape" />
81-->[:unityLibrary] AndroidManifest.xml:67:13-47
82        <meta-data
82-->[:unityLibrary] AndroidManifest.xml:68:9-70:36
83            android:name="unityplayer.SkipPermissionsDialog"
83-->[:unityLibrary] AndroidManifest.xml:69:13-61
84            android:value="true" />
84-->[:unityLibrary] AndroidManifest.xml:70:13-33
85        <meta-data
85-->[:unityLibrary] AndroidManifest.xml:71:9-73:40
86            android:name="com.google.ar.core"
86-->[:unityLibrary] AndroidManifest.xml:72:13-46
87            android:value="required" /> <!-- The minimal version code of ARCore APK required for an app using this SDK. -->
87-->[:unityLibrary] AndroidManifest.xml:73:13-37
88        <meta-data
88-->[:arcore_client:] AndroidManifest.xml:36:9-38:41
89            android:name="com.google.ar.core.min_apk_version"
89-->[:arcore_client:] AndroidManifest.xml:37:13-62
90            android:value="210910000" /> <!-- This activity is critical for installing ARCore when it is not already present. -->
90-->[:arcore_client:] AndroidManifest.xml:38:13-38
91        <activity
91-->[:arcore_client:] AndroidManifest.xml:40:9-46:80
92            android:name="com.google.ar.core.InstallActivity"
92-->[:arcore_client:] AndroidManifest.xml:41:13-62
93            android:configChanges="keyboardHidden|orientation|screenSize"
93-->[:arcore_client:] AndroidManifest.xml:42:13-74
94            android:excludeFromRecents="true"
94-->[:arcore_client:] AndroidManifest.xml:43:13-46
95            android:exported="false"
95-->[:arcore_client:] AndroidManifest.xml:44:13-37
96            android:launchMode="singleTop"
96-->[:arcore_client:] AndroidManifest.xml:45:13-43
97            android:theme="@android:style/Theme.Material.Light.Dialog.Alert" />
97-->[:arcore_client:] AndroidManifest.xml:46:13-77
98    </application>
99
100</manifest>